<?xml version="1.0" encoding="utf-8"?><testsuites name="pytest tests"><testsuite name="pytest" errors="0" failures="1" skipped="2" tests="58" time="10.534" timestamp="2026-06-09T18:38:44.969472+02:00" hostname="LGN5CG3270NTZ"><testcase classname="tests.test_cancelled_and_overrides" name="test_cancelled_transport_is_excluded_centrally_and_audited" time="0.057" /><testcase classname="tests.test_cancelled_and_overrides" name="test_manual_override_updates_temp_raw_tables_and_writes_audit_without_touching_csv" time="0.101" /><testcase classname="tests.test_cancelled_and_overrides" name="test_conflicting_active_manual_overrides_abort_early" time="0.053" /><testcase classname="tests.test_exports_csv_xlsx" name="test_semicolon_csv_export" time="0.028" /><testcase classname="tests.test_exports_csv_xlsx" name="test_build_nutzungsmeldung_xlsx_from_temporary_db_and_template" time="0.164" /><testcase classname="tests.test_exports_csv_xlsx" name="test_build_aufenthaltsereignis_xlsx_from_temporary_db_and_template" time="0.131" /><testcase classname="tests.test_exports_csv_xlsx" name="test_xlsx_export_refuses_blocked_gate" time="0.110" /><testcase classname="tests.test_installer_phase6b" name="test_historical_phase6b_installer_artifact" time="0.000"><skipped type="pytest.skip" message="Historischer Phase-6B-Installer wurde beim Repository-Cleanup entfernt.">C:\00_Projects\LTE-individuelles-netzentgelt\tests\test_installer_phase6b.py:21: Historischer Phase-6B-Installer wurde beim Repository-Cleanup entfernt.</skipped></testcase><testcase classname="tests.test_installer_phase6c" name="test_historical_phase6c_installer_artifact" time="0.000"><skipped type="pytest.skip" message="Historischer Phase-6C-Installer wurde beim Repository-Cleanup entfernt.">C:\00_Projects\LTE-individuelles-netzentgelt\tests\test_installer_phase6c.py:22: Historischer Phase-6C-Installer wurde beim Repository-Cleanup entfernt.</skipped></testcase><testcase classname="tests.test_phase6b_rules_and_fallbacks" name="test_r002_r003_become_manual_review_after_24h_cutoff" time="0.090" /><testcase classname="tests.test_phase6b_rules_and_fallbacks" name="test_missing_arrival_inside_24h_remains_info_and_nonblocking" time="0.076" /><testcase classname="tests.test_phase6b_rules_and_fallbacks" name="test_r011_real_overlap_but_not_direct_adjacency" time="0.081" /><testcase classname="tests.test_phase6b_rules_and_fallbacks" name="test_r013_missing_holder_becomes_visible_manual_review" time="0.069" /><testcase classname="tests.test_phase6b_rules_and_fallbacks" name="test_r014_dummy_loco_is_visible_in_timeline" time="0.063" /><testcase classname="tests.test_phase6b_rules_and_fallbacks" name="test_holder_resolution_uses_holder_and_user_vens_falls_back_to_performing_ru" time="0.025" /><testcase classname="tests.test_phase6b_rules_and_fallbacks" name="test_holder_name_is_explicit_fallback_when_no_mapping_exists" time="0.024" /><testcase classname="tests.test_phase6c_context_and_segments" name="test_de_relevance_expression_prefers_origin_destination_over_country" time="0.012" /><testcase classname="tests.test_phase6c_context_and_segments" name="test_gap_context_classification_and_cold_stand_candidate" time="0.042" /><testcase classname="tests.test_phase6c_context_and_segments" name="test_border_context_gap_is_audit_visible_but_not_automatically_blocking" time="0.042" /><testcase classname="tests.test_phase6c_context_and_segments" name="test_r015_uncertain_gap_old_is_manual_review" time="0.021" /><testcase classname="tests.test_phase6c_context_and_segments" name="test_central_de_segments_use_border_bounded_times" time="0.032" /><testcase classname="tests.test_phase6c_context_and_segments" name="test_relevant_gap_breaks_central_usage_segment" time="0.034" /><testcase classname="tests.test_phase6c_context_and_segments" name="test_phase6c_adds_symmetric_r012_dummy_from_transportdetail" time="0.021" /><testcase classname="tests.test_phase6d_quality_gate" name="test_quality_gate_counts_true_overlap_and_phase6d_exact_minutes" time="0.140" /><testcase classname="tests.test_phase6d_quality_gate" name="test_quality_gate_does_not_count_direct_adjacency_as_overlap" time="0.103" /><testcase classname="tests.test_phase6d_quality_gate" name="test_r016_gap_only_blocked_day_becomes_visible_manual_review" time="0.017" /><testcase classname="tests.test_pipeline_smoke" name="test_full_pipeline_uses_temporary_paths_and_builds_product_db" time="1.719" /><testcase classname="tests.test_pipeline_smoke" name="test_smoke_pipeline_creates_audit_exports_only_inside_temp_folder" time="1.617" /><testcase classname="tests.test_pipeline_test_ui_module" name="test_parse_junit_report_returns_individual_statuses" time="0.030" /><testcase classname="tests.test_pipeline_test_ui_module" name="test_summarize_tests_counts_pass_fail_error_skip_and_warnings" time="0.001" /><testcase classname="tests.test_pipeline_test_ui_module" name="test_read_warning_rows_handles_contract_and_invalid_json" time="0.032" /><testcase classname="tests.test_pipeline_test_ui_module" name="test_latest_report_dir_returns_latest_timestamp_folder" time="0.004" /><testcase classname="tests.test_regression_kpis" name="test_defined_smoke_kpis_remain_stable" time="1.578" /><testcase classname="tests.test_rule_catalog_and_base_rules" name="test_rule_catalog_documents_r001_to_r012_and_explicit_inactive_policies" time="0.015" /><testcase classname="tests.test_rule_catalog_and_base_rules" name="test_r001_first_missing_anchor_is_info_but_later_missing_anchor_is_error" time="0.084" /><testcase classname="tests.test_rule_catalog_and_base_rules" name="test_r002_and_r003_are_created_for_missing_time_boundaries" time="0.087" /><testcase classname="tests.test_rule_catalog_and_base_rules" name="test_r004_departure_after_arrival_is_error" time="0.076" /><testcase classname="tests.test_rule_catalog_and_base_rules" name="test_r009_missing_performing_ru_is_manual_review" time="0.085" /><testcase classname="tests.test_rule_catalog_and_base_rules" name="test_r010_long_gap_and_r010_5_short_gap" time="0.090" /><testcase classname="tests.test_rule_catalog_and_base_rules" name="test_r011_detects_overlap_in_base_rule" time="0.089" /><testcase classname="tests.test_rule_catalog_and_base_rules" name="test_r012_raw_transportdetail_missing_loco_is_condensed" time="0.097" /><testcase classname="tests.test_rule_catalog_and_base_rules" name="test_r012_raw_locomotivemovement_dummy_is_detected" time="0.078" /><testcase classname="tests.test_rule_catalog_and_base_rules" name="test_r006_r007_r008_intentionally_do_not_create_findings_in_mvp" time="0.079" /><testcase classname="tests.test_rule_engine_diagnostic_phase6a" name="test_installer_roundtrip" time="0.007"><failure message="FileNotFoundError: [Errno 2] No such file or directory: 'C:\\00_Projects\\LTE-individuelles-netzentgelt\\apply_rule_engine_diagnostic_phase6a.py'">tests\test_rule_engine_diagnostic_phase6a.py:34: in test_installer_roundtrip
    (root / "apply_rule_engine_diagnostic_phase6a.py").write_bytes(INSTALLER.read_bytes())
                                                                   ^^^^^^^^^^^^^^^^^^^^^^
C:\Users\OrglChri\AppData\Local\Programs\Python\Python312\Lib\pathlib.py:1019: in read_bytes
    with self.open(mode='rb') as f:
         ^^^^^^^^^^^^^^^^^^^^
C:\Users\OrglChri\AppData\Local\Programs\Python\Python312\Lib\pathlib.py:1013: in open
    return io.open(self, mode, buffering, encoding, errors, newline)
           ^^^^^^^^^^^^^^^^^^^^^^^^^^^^^^^^^^^^^^^^^^^^^^^^^^^^^^^^^
E   FileNotFoundError: [Errno 2] No such file or directory: 'C:\\00_Projects\\LTE-individuelles-netzentgelt\\apply_rule_engine_diagnostic_phase6a.py'</failure></testcase><testcase classname="tests.test_rule_engine_diagnostic_phase6a" name="test_payload_structure" time="0.004" /><testcase classname="tests.test_rule_engine_diagnostic_phase6a" name="test_optional_duckdb_fixture" time="0.394" /><testcase classname="tests.test_schema_contracts" name="test_quality_gate_reports_missing_prerequisites_readably" time="0.027" /><testcase classname="tests.test_schema_contracts" name="test_pipeline_schema_contains_expected_phase6d_tables_and_columns" time="1.549" /><testcase classname="tests.test_schema_contracts" name="test_source_row_hash_missing_pipeline_integration_is_explicit_warning" time="0.038" /><testcase classname="tests.test_schema_contracts" name="test_source_row_hash_warning_disappears_after_future_integration" time="0.031" /><testcase classname="tests.test_unit_helpers" name="test_safe_name_and_identifiers_are_defensive" time="0.000" /><testcase classname="tests.test_unit_helpers" name="test_company_normalization_is_conservative_and_stable" time="0.000" /><testcase classname="tests.test_unit_helpers" name="test_export_day_bounds_are_inclusive" time="0.001" /><testcase classname="tests.test_unit_helpers" name="test_export_ru_helpers_trim_dedupe_and_reject_empty" time="0.001" /><testcase classname="tests.test_unit_helpers" name="test_sha256_changes_with_file_content" time="0.041" /><testcase classname="tests.test_unit_helpers" name="test_source_row_hash_reference_contract_is_order_stable_and_content_sensitive" time="0.001" /><testcase classname="tests.test_unit_helpers" name="test_duplicate_source_rows_receive_stable_distinct_identities" time="0.001" /><testcase classname="tests.test_unit_helpers" name="test_iso_timestamp_reference_timezone" time="0.001" /></testsuite></testsuites>