<?xml version="1.0" encoding="utf-8"?><testsuites name="pytest tests"><testsuite name="pytest" errors="2" failures="0" skipped="0" tests="2" time="1.851" timestamp="2026-06-09T16:32:20.630082+02:00" hostname="LGN5CG3270NTZ"><testcase classname="" name="tests.test_installer_phase6b" time="0.000"><error message="collection failure">tests\test_installer_phase6b.py:12: in &lt;module&gt;
    spec.loader.exec_module(installer)
&lt;frozen importlib._bootstrap_external&gt;:995: in exec_module
    ???
&lt;frozen importlib._bootstrap_external&gt;:1132: in get_code
    ???
&lt;frozen importlib._bootstrap_external&gt;:1190: in get_data
    ???
E   FileNotFoundError: [Errno 2] No such file or directory: 'C:\\00_Projects\\LTE-individuelles-netzentgelt\\apply_rule_engine_hardening_phase6b.py'</error></testcase><testcase classname="" name="tests.test_installer_phase6c" time="0.000"><error message="collection failure">tests\test_installer_phase6c.py:13: in &lt;module&gt;
    spec.loader.exec_module(installer)
&lt;frozen importlib._bootstrap_external&gt;:995: in exec_module
    ???
&lt;frozen importlib._bootstrap_external&gt;:1132: in get_code
    ???
&lt;frozen importlib._bootstrap_external&gt;:1190: in get_data
    ???
E   FileNotFoundError: [Errno 2] No such file or directory: 'C:\\00_Projects\\LTE-individuelles-netzentgelt\\apply_rule_engine_hardening_phase6c.py'</error></testcase></testsuite></testsuites>