<?xml version="1.0" encoding="utf-8"?><testsuites name="pytest tests"><testsuite name="pytest" errors="0" failures="0" skipped="0" tests="52" time="6.575" timestamp="2026-06-08T15:12:23.705812+02:00" hostname="LGN5CG3270NTZ"><testcase classname="tests.test_cancelled_and_overrides" name="test_cancelled_transport_is_excluded_centrally_and_audited" time="0.045" /><testcase classname="tests.test_cancelled_and_overrides" name="test_manual_override_updates_temp_raw_tables_and_writes_audit_without_touching_csv" time="0.048" /><testcase classname="tests.test_cancelled_and_overrides" name="test_conflicting_active_manual_overrides_abort_early" time="0.031" /><testcase classname="tests.test_exports_csv_xlsx" name="test_semicolon_csv_export" time="0.017" /><testcase classname="tests.test_exports_csv_xlsx" name="test_build_nutzungsmeldung_xlsx_from_temporary_db_and_template" time="0.148" /><testcase classname="tests.test_exports_csv_xlsx" name="test_build_aufenthaltsereignis_xlsx_from_temporary_db_and_template" time="0.136" /><testcase classname="tests.test_exports_csv_xlsx" name="test_xlsx_export_refuses_blocked_gate" time="0.110" /><testcase classname="tests.test_phase6b_rules_and_fallbacks" name="test_r002_r003_become_manual_review_after_24h_cutoff" time="0.074" /><testcase classname="tests.test_phase6b_rules_and_fallbacks" name="test_missing_arrival_inside_24h_remains_info_and_nonblocking" time="0.088" /><testcase classname="tests.test_phase6b_rules_and_fallbacks" name="test_r011_real_overlap_but_not_direct_adjacency" time="0.074" /><testcase classname="tests.test_phase6b_rules_and_fallbacks" name="test_r013_missing_holder_becomes_visible_manual_review" time="0.063" /><testcase classname="tests.test_phase6b_rules_and_fallbacks" name="test_r014_dummy_loco_is_visible_in_timeline" time="0.063" /><testcase classname="tests.test_phase6b_rules_and_fallbacks" name="test_holder_resolution_uses_holder_and_user_vens_falls_back_to_performing_ru" time="0.024" /><testcase classname="tests.test_phase6b_rules_and_fallbacks" name="test_holder_name_is_explicit_fallback_when_no_mapping_exists" time="0.022" /><testcase classname="tests.test_phase6c_context_and_segments" name="test_de_relevance_expression_prefers_origin_destination_over_country" time="0.010" /><testcase classname="tests.test_phase6c_context_and_segments" name="test_gap_context_classification_and_cold_stand_candidate" time="0.035" /><testcase classname="tests.test_phase6c_context_and_segments" name="test_border_context_gap_is_audit_visible_but_not_automatically_blocking" time="0.038" /><testcase classname="tests.test_phase6c_context_and_segments" name="test_r015_uncertain_gap_old_is_manual_review" time="0.019" /><testcase classname="tests.test_phase6c_context_and_segments" name="test_central_de_segments_use_border_bounded_times" time="0.031" /><testcase classname="tests.test_phase6c_context_and_segments" name="test_relevant_gap_breaks_central_usage_segment" time="0.032" /><testcase classname="tests.test_phase6c_context_and_segments" name="test_phase6c_adds_symmetric_r012_dummy_from_transportdetail" time="0.020" /><testcase classname="tests.test_phase6d_quality_gate" name="test_quality_gate_counts_true_overlap_and_phase6d_exact_minutes" time="0.129" /><testcase classname="tests.test_phase6d_quality_gate" name="test_quality_gate_does_not_count_direct_adjacency_as_overlap" time="0.093" /><testcase classname="tests.test_phase6d_quality_gate" name="test_r016_gap_only_blocked_day_becomes_visible_manual_review" time="0.018" /><testcase classname="tests.test_pipeline_smoke" name="test_full_pipeline_uses_temporary_paths_and_builds_product_db" time="0.808" /><testcase classname="tests.test_pipeline_smoke" name="test_smoke_pipeline_creates_audit_exports_only_inside_temp_folder" time="0.817" /><testcase classname="tests.test_regression_kpis" name="test_defined_smoke_kpis_remain_stable" time="0.790" /><testcase classname="tests.test_rule_catalog_and_base_rules" name="test_rule_catalog_documents_r001_to_r012_and_explicit_inactive_policies" time="0.013" /><testcase classname="tests.test_rule_catalog_and_base_rules" name="test_r001_first_missing_anchor_is_info_but_later_missing_anchor_is_error" time="0.043" /><testcase classname="tests.test_rule_catalog_and_base_rules" name="test_r002_and_r003_are_created_for_missing_time_boundaries" time="0.044" /><testcase classname="tests.test_rule_catalog_and_base_rules" name="test_r004_departure_after_arrival_is_error" time="0.040" /><testcase classname="tests.test_rule_catalog_and_base_rules" name="test_r009_missing_performing_ru_is_manual_review" time="0.043" /><testcase classname="tests.test_rule_catalog_and_base_rules" name="test_r010_long_gap_and_r010_5_short_gap" time="0.052" /><testcase classname="tests.test_rule_catalog_and_base_rules" name="test_r011_detects_overlap_in_base_rule" time="0.044" /><testcase classname="tests.test_rule_catalog_and_base_rules" name="test_r012_raw_transportdetail_missing_loco_is_condensed" time="0.044" /><testcase classname="tests.test_rule_catalog_and_base_rules" name="test_r012_raw_locomotivemovement_dummy_is_detected" time="0.039" /><testcase classname="tests.test_rule_catalog_and_base_rules" name="test_r006_r007_r008_intentionally_do_not_create_findings_in_mvp" time="0.035" /><testcase classname="tests.test_rule_engine_diagnostic_phase6a" name="test_installer_roundtrip" time="0.607" /><testcase classname="tests.test_rule_engine_diagnostic_phase6a" name="test_payload_structure" time="0.002" /><testcase classname="tests.test_rule_engine_diagnostic_phase6a" name="test_optional_duckdb_fixture" time="0.206" /><testcase classname="tests.test_schema_contracts" name="test_quality_gate_reports_missing_prerequisites_readably" time="0.014" /><testcase classname="tests.test_schema_contracts" name="test_pipeline_schema_contains_expected_phase6d_tables_and_columns" time="0.770" /><testcase classname="tests.test_schema_contracts" name="test_source_row_hash_missing_pipeline_integration_is_explicit_warning" time="0.004" /><testcase classname="tests.test_schema_contracts" name="test_source_row_hash_warning_disappears_after_future_integration" time="0.027" /><testcase classname="tests.test_unit_helpers" name="test_safe_name_and_identifiers_are_defensive" time="0.000" /><testcase classname="tests.test_unit_helpers" name="test_company_normalization_is_conservative_and_stable" time="0.001" /><testcase classname="tests.test_unit_helpers" name="test_export_day_bounds_are_inclusive" time="0.000" /><testcase classname="tests.test_unit_helpers" name="test_export_ru_helpers_trim_dedupe_and_reject_empty" time="0.000" /><testcase classname="tests.test_unit_helpers" name="test_sha256_changes_with_file_content" time="0.004" /><testcase classname="tests.test_unit_helpers" name="test_source_row_hash_reference_contract_is_order_stable_and_content_sensitive" time="0.000" /><testcase classname="tests.test_unit_helpers" name="test_duplicate_source_rows_receive_stable_distinct_identities" time="0.000" /><testcase classname="tests.test_unit_helpers" name="test_iso_timestamp_reference_timezone" time="0.000" /></testsuite></testsuites>